<?xml version="1.0" encoding="UTF-8"?>

<mule xmlns:ee="http://www.mulesoft.org/schema/mule/ee/core" xmlns:http="http://www.mulesoft.org/schema/mule/http"
	xmlns="http://www.mulesoft.org/schema/mule/core"
	xmlns:doc="http://www.mulesoft.org/schema/mule/documentation" xmlns:xsi="http://www.w3.org/2001/XMLSchema-instance" xsi:schemaLocation="http://www.mulesoft.org/schema/mule/core http://www.mulesoft.org/schema/mule/core/current/mule.xsd
http://www.mulesoft.org/schema/mule/http http://www.mulesoft.org/schema/mule/http/current/mule-http.xsd
http://www.mulesoft.org/schema/mule/ee/core http://www.mulesoft.org/schema/mule/ee/core/current/mule-ee.xsd">
	<flow name="test-deployFlow" doc:id="22e1ef74-7bc8-4fed-a85a-198d7c7f5ebf" >
		<http:listener doc:name="Listener" doc:id="c7adcd2d-9093-4b8e-b1e8-070ed658c6a7" config-ref="phatpt19-mock-lab-httpListenerConfig" path="test-deploy"/>
		<logger level="INFO" doc:name="Logger" doc:id="ec723b9b-76e0-44fb-86c2-13826d7bd768" />
		<ee:transform doc:name="Transform Message" doc:id="84338621-c25e-49e6-bb42-a87a304e4202" >
			<ee:message >
				<ee:set-payload ><![CDATA[%dw 2.0
output application/json
---
{
	"Message": "Alive and kicking!!"
}]]></ee:set-payload>
			</ee:message>
		</ee:transform>
	</flow>
</mule>
